Docker was not found. Installing Docker Engine (Linux)…
Downloading Docker install script (get.docker.com)…
# Executing docker install script, commit: 2687d91ddeb3bd6aeae37a90947761efdee87030
+ sh -c apt-get -qq update >/dev/null
+ sh -c DEBIAN_FRONTEND=noninteractive apt-get -y -qq install ca-certificates curl >/dev/null
+ sh -c install -m 0755 -d /etc/apt/keyrings
+ sh -c curl -fsSL "https://download.docker.com/linux/debian/gpg" -o /etc/apt/keyrings/docker.asc
+ sh -c chmod a+r /etc/apt/keyrings/docker.asc
+ sh -c echo "deb [arch=amd64 signed-by=/etc/apt/keyrings/docker.asc] https://download.docker.com/linux/debian bookworm stable" > /etc/apt/sources.list.d/docker.list
+ sh -c apt-get -qq update >/dev/null
+ sh -c DEBIAN_FRONTEND=noninteractive apt-get -y -qq install docker-ce docker-ce-cli containerd.io docker-compose-plugin docker-ce-rootless-extras docker-buildx-plugin docker-model-plugin >/dev/null
Using systemd to manage Docker service
+ sh -c systemctl enable --now docker.service 2>/dev/null
INFO: Docker daemon enabled and started

+ sh -c docker version
Client: Docker Engine - Community
 Version:           29.5.0
 API version:       1.54
 Go version:        go1.26.3
 Git commit:        98f1464
 Built:             Thu May 14 14:40:17 2026
 OS/Arch:           linux/amd64
 Context:           default

Server: Docker Engine - Community
 Engine:
  Version:          29.5.0
  API version:      1.54 (minimum version 1.40)
  Go version:       go1.26.3
  Git commit:       ff8d90a
  Built:            Thu May 14 14:40:17 2026
  OS/Arch:          linux/amd64
  Experimental:     false
 containerd:
  Version:          v2.2.3
  GitCommit:        77c84241c7cbdd9b4eca2591793e3d4f4317c590
 runc:
  Version:          1.3.5
  GitCommit:        v1.3.5-0-g488fc13e
 docker-init:
  Version:          0.19.0
  GitCommit:        de40ad0

================================================================================

To run Docker as a non-privileged user, consider setting up the
Docker daemon in rootless mode for your user:

    dockerd-rootless-setuptool.sh install

Visit https://docs.docker.com/go/rootless/ to learn about rootless mode.


To run the Docker daemon as a fully privileged service, but granting non-root
users access, refer to https://docs.docker.com/go/daemon-access/

WARNING: Access to the remote API on a privileged Docker daemon is equivalent
         to root access on the host. Refer to the 'Docker daemon attack surface'
         documentation for details: https://docs.docker.com/go/attack-surface/

================================================================================

Synchronizing version metadata...
Version sync complete: 2.6.2
Stamped build time: 2026-05-15T01:58:08Z
Computing build stamp and component versions…
BUILD_SOURCE_STAMP=3f5a45702a9f083e41b3a2d46ee7a6c214a7b699-dirty+b2f94924d5c91369
ARGUS_ENGINE_VERSION=2.6.2-3f5a45702a9f-dirty
ARGUS_BUILD_TIME_UTC=2026-05-15T01:58:09Z

Running predeploy smoke build check...
Running predeploy smoke publish for Command Center Web...

Welcome to .NET 10.0!
---------------------
SDK Version: 10.0.300

Telemetry
---------
The .NET tools collect usage data in order to help us improve your experience. It is collected by Microsoft and shared with the community. You can opt-out of telemetry by setting the DOTNET_CLI_TELEMETRY_OPTOUT environment variable to '1' or 'true' using your favorite shell.

Read more about .NET CLI Tools telemetry: https://aka.ms/dotnet-cli-telemetry

----------------
Installed an ASP.NET Core HTTPS development certificate.
To trust the certificate, run 'dotnet dev-certs https --trust'
Learn about HTTPS: https://aka.ms/dotnet-https

----------------
Write your first app: https://aka.ms/dotnet-hello-world
Find out what's new: https://aka.ms/dotnet-whats-new
Explore documentation: https://aka.ms/dotnet-docs
Report issues and find source on GitHub: https://github.com/dotnet/core
Use 'dotnet --help' to see available commands or visit: https://aka.ms/dotnet-cli
--------------------------------------------------------------------------------------
  Determining projects to restore...
  Restored /home/derekdperez_dev/argus-engine/src/ArgusEngine.Contracts/ArgusEngine.Contracts.csproj (in 200 ms).
  Restored /home/derekdperez_dev/argus-engine/src/ArgusEngine.Domain/ArgusEngine.Domain.csproj (in 214 ms).
Attempting to cancel the build...
/usr/share/dotnet/sdk/10.0.300/NuGet.targets(198,5): error : Restore canceled! [/home/derekdperez_dev/argus-engine/src/ArgusEngine.CommandCenter.Web/ArgusEngine.CommandCenter.Web.csproj]
